<?xml version="1.0" encoding="UTF-8"?>
<!-- Generated by org.testng.reporters.JUnitXMLReporter -->
<testsuite hostname="DESKTOP-3DADRPD" ignored="0" name="Test" tests="4" failures="0" timestamp="2021-09-16T12:48:25 IST" time="0.066" errors="0">
  <testcase name="hospLogin" time="0.008" classname="MavenJava.HospitalTest"/>
  <testcase name="hospLogout" time="0.001" classname="MavenJava.HospitalTest"/>
  <testcase name="bankLogin" time="0.0" classname="MavenJava.BankTest"/>
  <testcase name="bankLogout" time="0.0" classname="MavenJava.BankTest"/>
</testsuite> <!-- Test -->
